<?xml version="1.0" encoding="UTF-8"?>
<testsuite xmlns:xsi="http://www.w3.org/2001/XMLSchema-instance" xsi:noNamespaceSchemaLocation="https://maven.apache.org/surefire/maven-surefire-plugin/xsd/surefire-test-report.xsd" name="com.datastructure.AppTest" time="0.032" tests="1" errors="0" skipped="0" failures="0">
  <properties>
    <property name="sun.desktop" value="windows"/>
    <property name="awt.toolkit" value="sun.awt.windows.WToolkit"/>
    <property name="file.encoding.pkg" value="sun.io"/>
    <property name="java.specification.version" value="1.8"/>
    <property name="sun.cpu.isalist" value="amd64"/>
    <property name="sun.jnu.encoding" value="Cp1252"/>
    <property name="java.class.path" value="C:\MyDrive\Work\Projects\iamlearning\datastructure-algorithms-learning\target\test-classes;C:\MyDrive\Work\Projects\iamlearning\datastructure-algorithms-learning\target\classes;C:\Users\user\.m2\repository\junit\junit\4.11\junit-4.11.jar;C:\Users\user\.m2\repository\org\hamcrest\hamcrest-core\1.3\hamcrest-core-1.3.jar;C:\Users\user\.m2\repository\org\springframework\boot\spring-boot-starter\1.3.1.RELEASE\spring-boot-starter-1.3.1.RELEASE.jar;C:\Users\user\.m2\repository\org\springframework\boot\spring-boot\1.3.1.RELEASE\spring-boot-1.3.1.RELEASE.jar;C:\Users\user\.m2\repository\org\springframework\spring-context\4.2.4.RELEASE\spring-context-4.2.4.RELEASE.jar;C:\Users\user\.m2\repository\org\springframework\spring-expression\4.2.4.RELEASE\spring-expression-4.2.4.RELEASE.jar;C:\Users\user\.m2\repository\org\springframework\boot\spring-boot-autoconfigure\1.3.1.RELEASE\spring-boot-autoconfigure-1.3.1.RELEASE.jar;C:\Users\user\.m2\repository\org\springframework\boot\spring-boot-starter-logging\1.3.1.RELEASE\spring-boot-starter-logging-1.3.1.RELEASE.jar;C:\Users\user\.m2\repository\ch\qos\logback\logback-classic\1.1.3\logback-classic-1.1.3.jar;C:\Users\user\.m2\repository\ch\qos\logback\logback-core\1.1.3\logback-core-1.1.3.jar;C:\Users\user\.m2\repository\org\slf4j\jcl-over-slf4j\1.7.13\jcl-over-slf4j-1.7.13.jar;C:\Users\user\.m2\repository\org\slf4j\jul-to-slf4j\1.7.13\jul-to-slf4j-1.7.13.jar;C:\Users\user\.m2\repository\org\slf4j\log4j-over-slf4j\1.7.13\log4j-over-slf4j-1.7.13.jar;C:\Users\user\.m2\repository\org\springframework\spring-core\4.2.4.RELEASE\spring-core-4.2.4.RELEASE.jar;C:\Users\user\.m2\repository\org\yaml\snakeyaml\1.16\snakeyaml-1.16.jar;C:\Users\user\.m2\repository\org\springframework\boot\spring-boot-starter-data-jpa\1.3.1.RELEASE\spring-boot-starter-data-jpa-1.3.1.RELEASE.jar;C:\Users\user\.m2\repository\org\springframework\boot\spring-boot-starter-aop\1.3.1.RELEASE\spring-boot-starter-aop-1.3.1.RELEASE.jar;C:\Users\user\.m2\repository\org\springframework\spring-aop\4.2.4.RELEASE\spring-aop-4.2.4.RELEASE.jar;C:\Users\user\.m2\repository\aopalliance\aopalliance\1.0\aopalliance-1.0.jar;C:\Users\user\.m2\repository\org\aspectj\aspectjweaver\1.8.7\aspectjweaver-1.8.7.jar;C:\Users\user\.m2\repository\org\springframework\boot\spring-boot-starter-jdbc\1.3.1.RELEASE\spring-boot-starter-jdbc-1.3.1.RELEASE.jar;C:\Users\user\.m2\repository\org\apache\tomcat\tomcat-jdbc\8.0.30\tomcat-jdbc-8.0.30.jar;C:\Users\user\.m2\repository\org\apache\tomcat\tomcat-juli\8.0.30\tomcat-juli-8.0.30.jar;C:\Users\user\.m2\repository\org\springframework\spring-jdbc\4.2.4.RELEASE\spring-jdbc-4.2.4.RELEASE.jar;C:\Users\user\.m2\repository\org\hibernate\hibernate-entitymanager\4.3.11.Final\hibernate-entitymanager-4.3.11.Final.jar;C:\Users\user\.m2\repository\org\jboss\logging\jboss-logging\3.3.0.Final\jboss-logging-3.3.0.Final.jar;C:\Users\user\.m2\repository\org\jboss\logging\jboss-logging-annotations\1.2.0.Beta1\jboss-logging-annotations-1.2.0.Beta1.jar;C:\Users\user\.m2\repository\org\hibernate\hibernate-core\4.3.11.Final\hibernate-core-4.3.11.Final.jar;C:\Users\user\.m2\repository\antlr\antlr\2.7.7\antlr-2.7.7.jar;C:\Users\user\.m2\repository\org\jboss\jandex\1.1.0.Final\jandex-1.1.0.Final.jar;C:\Users\user\.m2\repository\dom4j\dom4j\1.6.1\dom4j-1.6.1.jar;C:\Users\user\.m2\repository\xml-apis\xml-apis\1.0.b2\xml-apis-1.0.b2.jar;C:\Users\user\.m2\repository\org\hibernate\common\hibernate-commons-annotations\4.0.5.Final\hibernate-commons-annotations-4.0.5.Final.jar;C:\Users\user\.m2\repository\org\hibernate\javax\persistence\hibernate-jpa-2.1-api\1.0.0.Final\hibernate-jpa-2.1-api-1.0.0.Final.jar;C:\Users\user\.m2\repository\org\javassist\javassist\3.18.1-GA\javassist-3.18.1-GA.jar;C:\Users\user\.m2\repository\javax\transaction\javax.transaction-api\1.2\javax.transaction-api-1.2.jar;C:\Users\user\.m2\repository\org\springframework\data\spring-data-jpa\1.9.2.RELEASE\spring-data-jpa-1.9.2.RELEASE.jar;C:\Users\user\.m2\repository\org\springframework\data\spring-data-commons\1.11.2.RELEASE\spring-data-commons-1.11.2.RELEASE.jar;C:\Users\user\.m2\repository\org\springframework\spring-orm\4.2.4.RELEASE\spring-orm-4.2.4.RELEASE.jar;C:\Users\user\.m2\repository\org\springframework\spring-tx\4.2.4.RELEASE\spring-tx-4.2.4.RELEASE.jar;C:\Users\user\.m2\repository\org\springframework\spring-beans\4.2.4.RELEASE\spring-beans-4.2.4.RELEASE.jar;C:\Users\user\.m2\repository\org\slf4j\slf4j-api\1.7.13\slf4j-api-1.7.13.jar;C:\Users\user\.m2\repository\org\springframework\spring-aspects\4.2.4.RELEASE\spring-aspects-4.2.4.RELEASE.jar;C:\Users\user\.m2\repository\org\springframework\boot\spring-boot-starter-test\1.3.1.RELEASE\spring-boot-starter-test-1.3.1.RELEASE.jar;C:\Users\user\.m2\repository\org\mockito\mockito-core\1.10.19\mockito-core-1.10.19.jar;C:\Users\user\.m2\repository\org\objenesis\objenesis\2.1\objenesis-2.1.jar;C:\Users\user\.m2\repository\org\hamcrest\hamcrest-library\1.3\hamcrest-library-1.3.jar;C:\Users\user\.m2\repository\org\springframework\spring-test\4.2.4.RELEASE\spring-test-4.2.4.RELEASE.jar;"/>
    <property name="java.vm.vendor" value="Oracle Corporation"/>
    <property name="sun.arch.data.model" value="64"/>
    <property name="user.variant" value=""/>
    <property name="java.vendor.url" value="http://java.oracle.com/"/>
    <property name="user.timezone" value="Asia/Calcutta"/>
    <property name="java.vm.specification.version" value="1.8"/>
    <property name="os.name" value="Windows 10"/>
    <property name="user.country" value="US"/>
    <property name="sun.java.launcher" value="SUN_STANDARD"/>
    <property name="sun.boot.library.path" value="C:\Program Files\Java\jdk1.8.0_211\jre\bin"/>
    <property name="sun.java.command" value="C:\Users\user\AppData\Local\Temp\surefire5502778655766486255\surefirebooter5089749882621252992.jar C:\Users\user\AppData\Local\Temp\surefire5502778655766486255 2020-06-21T19-38-46_617-jvmRun1 surefire907959685167896454tmp surefire_05961558915554870068tmp"/>
    <property name="surefire.test.class.path" value="C:\MyDrive\Work\Projects\iamlearning\datastructure-algorithms-learning\target\test-classes;C:\MyDrive\Work\Projects\iamlearning\datastructure-algorithms-learning\target\classes;C:\Users\user\.m2\repository\junit\junit\4.11\junit-4.11.jar;C:\Users\user\.m2\repository\org\hamcrest\hamcrest-core\1.3\hamcrest-core-1.3.jar;C:\Users\user\.m2\repository\org\springframework\boot\spring-boot-starter\1.3.1.RELEASE\spring-boot-starter-1.3.1.RELEASE.jar;C:\Users\user\.m2\repository\org\springframework\boot\spring-boot\1.3.1.RELEASE\spring-boot-1.3.1.RELEASE.jar;C:\Users\user\.m2\repository\org\springframework\spring-context\4.2.4.RELEASE\spring-context-4.2.4.RELEASE.jar;C:\Users\user\.m2\repository\org\springframework\spring-expression\4.2.4.RELEASE\spring-expression-4.2.4.RELEASE.jar;C:\Users\user\.m2\repository\org\springframework\boot\spring-boot-autoconfigure\1.3.1.RELEASE\spring-boot-autoconfigure-1.3.1.RELEASE.jar;C:\Users\user\.m2\repository\org\springframework\boot\spring-boot-starter-logging\1.3.1.RELEASE\spring-boot-starter-logging-1.3.1.RELEASE.jar;C:\Users\user\.m2\repository\ch\qos\logback\logback-classic\1.1.3\logback-classic-1.1.3.jar;C:\Users\user\.m2\repository\ch\qos\logback\logback-core\1.1.3\logback-core-1.1.3.jar;C:\Users\user\.m2\repository\org\slf4j\jcl-over-slf4j\1.7.13\jcl-over-slf4j-1.7.13.jar;C:\Users\user\.m2\repository\org\slf4j\jul-to-slf4j\1.7.13\jul-to-slf4j-1.7.13.jar;C:\Users\user\.m2\repository\org\slf4j\log4j-over-slf4j\1.7.13\log4j-over-slf4j-1.7.13.jar;C:\Users\user\.m2\repository\org\springframework\spring-core\4.2.4.RELEASE\spring-core-4.2.4.RELEASE.jar;C:\Users\user\.m2\repository\org\yaml\snakeyaml\1.16\snakeyaml-1.16.jar;C:\Users\user\.m2\repository\org\springframework\boot\spring-boot-starter-data-jpa\1.3.1.RELEASE\spring-boot-starter-data-jpa-1.3.1.RELEASE.jar;C:\Users\user\.m2\repository\org\springframework\boot\spring-boot-starter-aop\1.3.1.RELEASE\spring-boot-starter-aop-1.3.1.RELEASE.jar;C:\Users\user\.m2\repository\org\springframework\spring-aop\4.2.4.RELEASE\spring-aop-4.2.4.RELEASE.jar;C:\Users\user\.m2\repository\aopalliance\aopalliance\1.0\aopalliance-1.0.jar;C:\Users\user\.m2\repository\org\aspectj\aspectjweaver\1.8.7\aspectjweaver-1.8.7.jar;C:\Users\user\.m2\repository\org\springframework\boot\spring-boot-starter-jdbc\1.3.1.RELEASE\spring-boot-starter-jdbc-1.3.1.RELEASE.jar;C:\Users\user\.m2\repository\org\apache\tomcat\tomcat-jdbc\8.0.30\tomcat-jdbc-8.0.30.jar;C:\Users\user\.m2\repository\org\apache\tomcat\tomcat-juli\8.0.30\tomcat-juli-8.0.30.jar;C:\Users\user\.m2\repository\org\springframework\spring-jdbc\4.2.4.RELEASE\spring-jdbc-4.2.4.RELEASE.jar;C:\Users\user\.m2\repository\org\hibernate\hibernate-entitymanager\4.3.11.Final\hibernate-entitymanager-4.3.11.Final.jar;C:\Users\user\.m2\repository\org\jboss\logging\jboss-logging\3.3.0.Final\jboss-logging-3.3.0.Final.jar;C:\Users\user\.m2\repository\org\jboss\logging\jboss-logging-annotations\1.2.0.Beta1\jboss-logging-annotations-1.2.0.Beta1.jar;C:\Users\user\.m2\repository\org\hibernate\hibernate-core\4.3.11.Final\hibernate-core-4.3.11.Final.jar;C:\Users\user\.m2\repository\antlr\antlr\2.7.7\antlr-2.7.7.jar;C:\Users\user\.m2\repository\org\jboss\jandex\1.1.0.Final\jandex-1.1.0.Final.jar;C:\Users\user\.m2\repository\dom4j\dom4j\1.6.1\dom4j-1.6.1.jar;C:\Users\user\.m2\repository\xml-apis\xml-apis\1.0.b2\xml-apis-1.0.b2.jar;C:\Users\user\.m2\repository\org\hibernate\common\hibernate-commons-annotations\4.0.5.Final\hibernate-commons-annotations-4.0.5.Final.jar;C:\Users\user\.m2\repository\org\hibernate\javax\persistence\hibernate-jpa-2.1-api\1.0.0.Final\hibernate-jpa-2.1-api-1.0.0.Final.jar;C:\Users\user\.m2\repository\org\javassist\javassist\3.18.1-GA\javassist-3.18.1-GA.jar;C:\Users\user\.m2\repository\javax\transaction\javax.transaction-api\1.2\javax.transaction-api-1.2.jar;C:\Users\user\.m2\repository\org\springframework\data\spring-data-jpa\1.9.2.RELEASE\spring-data-jpa-1.9.2.RELEASE.jar;C:\Users\user\.m2\repository\org\springframework\data\spring-data-commons\1.11.2.RELEASE\spring-data-commons-1.11.2.RELEASE.jar;C:\Users\user\.m2\repository\org\springframework\spring-orm\4.2.4.RELEASE\spring-orm-4.2.4.RELEASE.jar;C:\Users\user\.m2\repository\org\springframework\spring-tx\4.2.4.RELEASE\spring-tx-4.2.4.RELEASE.jar;C:\Users\user\.m2\repository\org\springframework\spring-beans\4.2.4.RELEASE\spring-beans-4.2.4.RELEASE.jar;C:\Users\user\.m2\repository\org\slf4j\slf4j-api\1.7.13\slf4j-api-1.7.13.jar;C:\Users\user\.m2\repository\org\springframework\spring-aspects\4.2.4.RELEASE\spring-aspects-4.2.4.RELEASE.jar;C:\Users\user\.m2\repository\org\springframework\boot\spring-boot-starter-test\1.3.1.RELEASE\spring-boot-starter-test-1.3.1.RELEASE.jar;C:\Users\user\.m2\repository\org\mockito\mockito-core\1.10.19\mockito-core-1.10.19.jar;C:\Users\user\.m2\repository\org\objenesis\objenesis\2.1\objenesis-2.1.jar;C:\Users\user\.m2\repository\org\hamcrest\hamcrest-library\1.3\hamcrest-library-1.3.jar;C:\Users\user\.m2\repository\org\springframework\spring-test\4.2.4.RELEASE\spring-test-4.2.4.RELEASE.jar;"/>
    <property name="sun.cpu.endian" value="little"/>
    <property name="user.home" value="C:\Users\user"/>
    <property name="user.language" value="en"/>
    <property name="java.specification.vendor" value="Oracle Corporation"/>
    <property name="java.home" value="C:\Program Files\Java\jdk1.8.0_211\jre"/>
    <property name="basedir" value="C:\MyDrive\Work\Projects\iamlearning\datastructure-algorithms-learning"/>
    <property name="file.separator" value="\"/>
    <property name="line.separator" value="&#10;"/>
    <property name="java.vm.specification.vendor" value="Oracle Corporation"/>
    <property name="java.specification.name" value="Java Platform API Specification"/>
    <property name="java.awt.graphicsenv" value="sun.awt.Win32GraphicsEnvironment"/>
    <property name="surefire.real.class.path" value="C:\Users\user\AppData\Local\Temp\surefire5502778655766486255\surefirebooter5089749882621252992.jar"/>
    <property name="sun.boot.class.path" value="C:\Program Files\Java\jdk1.8.0_211\jre\lib\resources.jar;C:\Program Files\Java\jdk1.8.0_211\jre\lib\rt.jar;C:\Program Files\Java\jdk1.8.0_211\jre\lib\sunrsasign.jar;C:\Program Files\Java\jdk1.8.0_211\jre\lib\jsse.jar;C:\Program Files\Java\jdk1.8.0_211\jre\lib\jce.jar;C:\Program Files\Java\jdk1.8.0_211\jre\lib\charsets.jar;C:\Program Files\Java\jdk1.8.0_211\jre\lib\jfr.jar;C:\Program Files\Java\jdk1.8.0_211\jre\classes"/>
    <property name="user.script" value=""/>
    <property name="sun.management.compiler" value="HotSpot 64-Bit Tiered Compilers"/>
    <property name="java.runtime.version" value="1.8.0_211-b12"/>
    <property name="user.name" value="user"/>
    <property name="path.separator" value=";"/>
    <property name="os.version" value="10.0"/>
    <property name="java.endorsed.dirs" value="C:\Program Files\Java\jdk1.8.0_211\jre\lib\endorsed"/>
    <property name="java.runtime.name" value="Java(TM) SE Runtime Environment"/>
    <property name="file.encoding" value="Cp1252"/>
    <property name="java.vm.name" value="Java HotSpot(TM) 64-Bit Server VM"/>
    <property name="localRepository" value="C:\Users\user\.m2\repository"/>
    <property name="java.vendor.url.bug" value="http://bugreport.sun.com/bugreport/"/>
    <property name="java.io.tmpdir" value="C:\Users\user\AppData\Local\Temp\"/>
    <property name="java.version" value="1.8.0_211"/>
    <property name="user.dir" value="C:\MyDrive\Work\Projects\iamlearning\datastructure-algorithms-learning"/>
    <property name="os.arch" value="amd64"/>
    <property name="java.vm.specification.name" value="Java Virtual Machine Specification"/>
    <property name="java.awt.printerjob" value="sun.awt.windows.WPrinterJob"/>
    <property name="sun.os.patch.level" value=""/>
    <property name="java.library.path" value="C:\Program Files\Java\jdk1.8.0_211\jre\bin;C:\WINDOWS\Sun\Java\bin;C:\WINDOWS\system32;C:\WINDOWS;C:\Python27\;C:\Python27\Scripts;C:\oracleexe\app\user\product\18.0.0\dbhomeXE\bin;C:\Program Files (x86)\Common Files\Oracle\Java\javapath;C:\WINDOWS\system32;C:\WINDOWS;C:\WINDOWS\System32\Wbem;C:\WINDOWS\System32\WindowsPowerShell\v1.0\;C:\WINDOWS\System32\OpenSSH\;C:\Program Files\Java\jdk1.8.0_211\bin;C:\Program Files\Java\jdk1.8.0_211\jre\bin;C:\MyDrive\Softwares\apache-maven-3.6.1.0\bin;C:\Program Files\Git\cmd;C:\Program Files\Cloud Foundry;C:\Program Files\nodejs\;C:\ProgramData\chocolatey\bin;C:\Program Files\MySQL\MySQL Shell 8.0\bin\;C:\Users\user\AppData\Local\Microsoft\WindowsApps;C:\Users\user\AppData\Local\Programs\Microsoft VS Code\bin;C:\Users\user\AppData\Roaming\npm;C:\MyDrive\Softwares\buck\buck\bin;C:\MyDrive\Work\uber\software\windows\bin;C:\MyDrive\Softwares\gradle-6.3\bin;;."/>
    <property name="java.vm.info" value="mixed mode"/>
    <property name="java.vendor" value="Oracle Corporation"/>
    <property name="java.vm.version" value="25.211-b12"/>
    <property name="java.ext.dirs" value="C:\Program Files\Java\jdk1.8.0_211\jre\lib\ext;C:\WINDOWS\Sun\Java\lib\ext"/>
    <property name="sun.io.unicode.encoding" value="UnicodeLittle"/>
    <property name="java.class.version" value="52.0"/>
  </properties>
  <testcase name="shouldAnswerWithTrue" classname="com.datastructure.AppTest" time="0.001"/>
</testsuite>